mode: set
ChubaoMonitorOperator/controllers/chubaomonitor_controller.go:55.84,64.16 6 0
ChubaoMonitorOperator/controllers/chubaomonitor_controller.go:75.2,83.42 7 0
ChubaoMonitorOperator/controllers/chubaomonitor_controller.go:107.2,107.85 1 0
ChubaoMonitorOperator/controllers/chubaomonitor_controller.go:115.2,117.16 3 0
ChubaoMonitorOperator/controllers/chubaomonitor_controller.go:129.2,131.42 3 0
ChubaoMonitorOperator/controllers/chubaomonitor_controller.go:179.2,179.79 1 0
ChubaoMonitorOperator/controllers/chubaomonitor_controller.go:187.2,189.16 3 0
ChubaoMonitorOperator/controllers/chubaomonitor_controller.go:201.2,201.27 1 0
ChubaoMonitorOperator/controllers/chubaomonitor_controller.go:64.16,65.29 1 0
ChubaoMonitorOperator/controllers/chubaomonitor_controller.go:70.3,71.28 2 0
ChubaoMonitorOperator/controllers/chubaomonitor_controller.go:65.29,69.4 2 0
ChubaoMonitorOperator/controllers/chubaomonitor_controller.go:83.42,87.17 3 0
ChubaoMonitorOperator/controllers/chubaomonitor_controller.go:94.3,96.17 3 0
ChubaoMonitorOperator/controllers/chubaomonitor_controller.go:100.3,100.41 1 0
ChubaoMonitorOperator/controllers/chubaomonitor_controller.go:87.17,90.4 2 0
ChubaoMonitorOperator/controllers/chubaomonitor_controller.go:96.17,99.4 2 0
ChubaoMonitorOperator/controllers/chubaomonitor_controller.go:101.8,101.23 1 0
ChubaoMonitorOperator/controllers/chubaomonitor_controller.go:101.23,103.3 1 0
ChubaoMonitorOperator/controllers/chubaomonitor_controller.go:107.85,109.60 2 0
ChubaoMonitorOperator/controllers/chubaomonitor_controller.go:109.60,111.4 1 0
ChubaoMonitorOperator/controllers/chubaomonitor_controller.go:117.16,118.92 1 0
ChubaoMonitorOperator/controllers/chubaomonitor_controller.go:118.92,120.59 2 0
ChubaoMonitorOperator/controllers/chubaomonitor_controller.go:120.59,122.5 1 0
ChubaoMonitorOperator/controllers/chubaomonitor_controller.go:124.8,126.3 1 0
ChubaoMonitorOperator/controllers/chubaomonitor_controller.go:131.42,135.17 3 0
ChubaoMonitorOperator/controllers/chubaomonitor_controller.go:142.3,144.17 3 0
ChubaoMonitorOperator/controllers/chubaomonitor_controller.go:149.3,149.41 1 0
ChubaoMonitorOperator/controllers/chubaomonitor_controller.go:135.17,138.4 2 0
ChubaoMonitorOperator/controllers/chubaomonitor_controller.go:144.17,147.4 2 0
ChubaoMonitorOperator/controllers/chubaomonitor_controller.go:150.8,150.23 1 0
ChubaoMonitorOperator/controllers/chubaomonitor_controller.go:150.23,153.3 2 0
ChubaoMonitorOperator/controllers/chubaomonitor_controller.go:179.79,181.57 2 0
ChubaoMonitorOperator/controllers/chubaomonitor_controller.go:181.57,183.4 1 0
ChubaoMonitorOperator/controllers/chubaomonitor_controller.go:189.16,190.86 1 0
ChubaoMonitorOperator/controllers/chubaomonitor_controller.go:190.86,192.56 2 0
ChubaoMonitorOperator/controllers/chubaomonitor_controller.go:192.56,194.5 1 0
ChubaoMonitorOperator/controllers/chubaomonitor_controller.go:196.8,198.3 1 0
ChubaoMonitorOperator/controllers/chubaomonitor_controller.go:204.110,233.2 5 0
ChubaoMonitorOperator/controllers/chubaomonitor_controller.go:235.80,237.40 2 0
ChubaoMonitorOperator/controllers/chubaomonitor_controller.go:243.2,254.3 1 0
ChubaoMonitorOperator/controllers/chubaomonitor_controller.go:237.40,241.3 3 0
ChubaoMonitorOperator/controllers/chubaomonitor_controller.go:257.75,283.2 3 0
ChubaoMonitorOperator/controllers/chubaomonitor_controller.go:285.74,306.2 2 0
ChubaoMonitorOperator/controllers/chubaomonitor_controller.go:308.55,320.2 1 0
ChubaoMonitorOperator/controllers/chubaomonitor_controller.go:322.107,351.2 5 0
ChubaoMonitorOperator/controllers/chubaomonitor_controller.go:353.77,355.40 2 0
ChubaoMonitorOperator/controllers/chubaomonitor_controller.go:360.2,374.3 2 0
ChubaoMonitorOperator/controllers/chubaomonitor_controller.go:355.40,359.3 3 0
ChubaoMonitorOperator/controllers/chubaomonitor_controller.go:377.72,401.2 3 0
ChubaoMonitorOperator/controllers/chubaomonitor_controller.go:403.72,424.2 2 0
ChubaoMonitorOperator/controllers/chubaomonitor_controller.go:426.52,458.2 1 0
ChubaoMonitorOperator/controllers/chubaomonitor_controller.go:460.38,475.2 1 0
ChubaoMonitorOperator/controllers/chubaomonitor_controller.go:477.42,488.2 1 0
ChubaoMonitorOperator/controllers/chubaomonitor_controller.go:492.60,494.2 1 0
ChubaoMonitorOperator/controllers/chubaomonitor_controller.go:496.93,505.2 1 0
ChubaoMonitorOperator/controllers/chubaomonitor_controller.go:507.76,510.16 2 0
ChubaoMonitorOperator/controllers/chubaomonitor_controller.go:515.2,516.16 2 0
ChubaoMonitorOperator/controllers/chubaomonitor_controller.go:521.2,525.16 2 0
ChubaoMonitorOperator/controllers/chubaomonitor_controller.go:530.2,534.16 2 0
ChubaoMonitorOperator/controllers/chubaomonitor_controller.go:539.2,539.12 1 0
ChubaoMonitorOperator/controllers/chubaomonitor_controller.go:510.16,513.3 2 0
ChubaoMonitorOperator/controllers/chubaomonitor_controller.go:516.16,519.3 2 0
ChubaoMonitorOperator/controllers/chubaomonitor_controller.go:525.16,528.3 2 0
ChubaoMonitorOperator/controllers/chubaomonitor_controller.go:534.16,537.3 2 0
